<?xml version="1.0" encoding="UTF-8"?>
<!-- Generated by org.testng.reporters.JUnitReportReporter -->
<testsuite skipped="4" hostname="DESKTOP-D2O8DE7" name="com.crm.qa.testcases.LoginPageTest" tests="10" failures="0" timestamp="28 Feb 2019 04:09:57 GMT" time="32.754" errors="0">
  <testcase name="setcontactJson" time="5.313" classname="com.crm.qa.testcases.LoginPageTest"/>
  <testcase name="setcontactJson" time="5.528" classname="com.crm.qa.testcases.LoginPageTest"/>
  <testcase name="setcontactJson" time="5.540" classname="com.crm.qa.testcases.LoginPageTest"/>
  <testcase name="setRegistrationE2EJson" time="5.690" classname="com.crm.qa.testcases.LoginPageTest"/>
  <testcase name="setRegistrationE2EJson" time="5.355" classname="com.crm.qa.testcases.LoginPageTest"/>
  <testcase name="setRegistrationSingleUser" time="5.328" classname="com.crm.qa.testcases.LoginPageTest"/>
  <testcase name="crmLogoImageTest" classname="com.crm.qa.testcases.LoginPageTest">
    <skipped/>
  </testcase> <!-- crmLogoImageTest -->
  <testcase name="loginPageTitleTest" classname="com.crm.qa.testcases.LoginPageTest">
    <skipped/>
  </testcase> <!-- loginPageTitleTest -->
  <testcase name="navigateRegistrationPage" classname="com.crm.qa.testcases.LoginPageTest">
    <skipped/>
  </testcase> <!-- navigateRegistrationPage -->
  <testcase name="setcontactInfo" classname="com.crm.qa.testcases.LoginPageTest">
    <skipped/>
  </testcase> <!-- setcontactInfo -->
</testsuite> <!-- com.crm.qa.testcases.LoginPageTest -->
